<?xml version="1.0" encoding="UTF-8"?>
<testsuite xmlns:xsi="http://www.w3.org/2001/XMLSchema-instance" xsi:noNamespaceSchemaLocation="https://maven.apache.org/surefire/maven-surefire-plugin/xsd/surefire-test-report-3.0.xsd" version="3.0" name="com.example.server.ServerApplicationTests" time="1.429" tests="1" errors="0" skipped="0" failures="0">
  <properties>
[...]
</properties>
  <testcase name="contextLoads" classname="com.example.server.ServerApplicationTests" time="0.407">
    <system-out><![CDATA[Standard Commons Logging discovery in action with spring-jcl: please remove commons-logging.jar from classpath in order to avoid potential conflicts
01:31:37.966 [main] INFO org.springframework.test.context.support.AnnotationConfigContextLoaderUtils -- Could not detect default configuration classes for test class [com.example.server.ServerApplicationTests]: ServerApplicationTests does not declare any static, non-private, non-final, nested classes annotated with @Configuration.
01:31:38.012 [main] INFO org.springframework.boot.test.context.SpringBootTestContextBootstrapper -- Found @SpringBootConfiguration com.example.server.ServerApplication for test class com.example.server.ServerApplicationTests

  .   ____          _            __ _ _
 /\\ / ___'_ __ _ _(_)_ __  __ _ \ \ \ \
( ( )\___ | '_ | '_| | '_ \/ _` | \ \ \ \
 \\/  ___)| |_)| | | | | || (_| |  ) ) ) )
  '  |____| .__|_| |_|_| |_\__, | / / / /
 =========|_|==============|___/=/_/_/_/

 :: Spring Boot ::                (v3.3.5)

2024-11-01T01:31:38.172-07:00  INFO 58574 --- [server] [           main] c.example.server.ServerApplicationTests  : Starting ServerApplicationTests using Java 17.0.11 with PID 58574 (started by orange in /Users/orange/Desktop/6650/assignment/hw2/server)
2024-11-01T01:31:38.173-07:00  INFO 58574 --- [server] [           main] c.example.server.ServerApplicationTests  : No active profile set, falling back to 1 default profile: "default"
2024-11-01T01:31:38.898-07:00  INFO 58574 --- [server] [           main] c.example.server.ServerApplicationTests  : Started ServerApplicationTests in 0.827 seconds (process running for 1.27)
]]></system-out>
  </testcase>
</testsuite>