<?xml version="1.0" encoding="UTF-8"?>
<testsuite xmlns:xsi="http://www.w3.org/2001/XMLSchema-instance" xsi:noNamespaceSchemaLocation="https://maven.apache.org/surefire/maven-surefire-plugin/xsd/surefire-test-report-3.0.xsd" version="3.0" name="com.example.consumer.ConsumerApplicationTests" time="7.423" tests="1" errors="0" skipped="0" failures="0">
  <properties>
[...]
</properties>
  <testcase name="contextLoads" classname="com.example.consumer.ConsumerApplicationTests" time="0.946">
    <system-out><![CDATA[13:25:20.346 [main] INFO org.springframework.test.context.support.AnnotationConfigContextLoaderUtils -- Could not detect default configuration classes for test class [com.example.consumer.ConsumerApplicationTests]: ConsumerApplicationTests does not declare any static, non-private, non-final, nested classes annotated with @Configuration.
13:25:20.491 [main] INFO org.springframework.boot.test.context.SpringBootTestContextBootstrapper -- Found @SpringBootConfiguration com.example.consumer.ConsumerApplication for test class com.example.consumer.ConsumerApplicationTests

  .   ____          _            __ _ _
 /\\ / ___'_ __ _ _(_)_ __  __ _ \ \ \ \
( ( )\___ | '_ | '_| | '_ \/ _` | \ \ \ \
 \\/  ___)| |_)| | | | | || (_| |  ) ) ) )
  '  |____| .__|_| |_|_| |_\__, | / / / /
 =========|_|==============|___/=/_/_/_/

 :: Spring Boot ::                (v3.3.5)

2024-11-09T13:25:21.009+08:00  INFO 32904 --- [consumer] [           main] c.e.consumer.ConsumerApplicationTests    : Starting ConsumerApplicationTests using Java 17.0.7 with PID 32904 (started by admin in C:\Users\admin\Desktop\实战\滑雪场api\consumer-mysql)
2024-11-09T13:25:21.010+08:00  INFO 32904 --- [consumer] [           main] c.e.consumer.ConsumerApplicationTests    : No active profile set, falling back to 1 default profile: "default"
2024-11-09T13:25:22.909+08:00  INFO 32904 --- [consumer] [           main] com.zaxxer.hikari.HikariDataSource       : HikariPool-1 - Starting...
2024-11-09T13:25:25.942+08:00  INFO 32904 --- [consumer] [           main] com.zaxxer.hikari.pool.HikariPool        : HikariPool-1 - Added connection com.mysql.cj.jdbc.ConnectionImpl@51888019
2024-11-09T13:25:25.947+08:00  INFO 32904 --- [consumer] [           main] com.zaxxer.hikari.HikariDataSource       : HikariPool-1 - Start completed.
2024-11-09T13:25:26.611+08:00  INFO 32904 --- [consumer] [           main] c.e.consumer.ConsumerApplicationTests    : Started ConsumerApplicationTests in 5.893 seconds (process running for 7.156)
]]></system-out>
  </testcase>
</testsuite>